<?xml version="1.0" encoding="UTF-8"?>
<testsuite name="com.example.demo.SpringBootFirstAppApplicationTest" tests="2" skipped="0" failures="0" errors="0" timestamp="2021-09-01T13:14:25" hostname="197BLRNB29227" time="9.644">
  <properties/>
  <testcase name="TestMain()" classname="com.example.demo.SpringBootFirstAppApplicationTest" time="0.002"/>
  <testcase name="TesRunApplication()" classname="com.example.demo.SpringBootFirstAppApplicationTest" time="9.641"/>
  <system-out><![CDATA[
  .   ____          _            __ _ _
 /\\ / ___'_ __ _ _(_)_ __  __ _ \ \ \ \
( ( )\___ | '_ | '_| | '_ \/ _` | \ \ \ \
 \\/  ___)| |_)| | | | | || (_| |  ) ) ) )
  '  |____| .__|_| |_|_| |_\__, | / / / /
 =========|_|==============|___/=/_/_/_/
 :: Spring Boot ::                (v2.5.4)

2021-09-01 18:44:27.187  INFO 104191 --- [    Test worker] o.s.boot.SpringApplication               : Starting application using Java 16.0.2 on 197BLRNB29227 with PID 104191 (started by anshraj in /home/anshraj/Desktop/practice/demo)
2021-09-01 18:44:27.189  INFO 104191 --- [    Test worker] o.s.boot.SpringApplication               : No active profile set, falling back to default profiles: default
2021-09-01 18:44:28.413  INFO 104191 --- [    Test worker] .s.d.r.c.RepositoryConfigurationDelegate : Multiple Spring Data modules found, entering strict repository configuration mode!
2021-09-01 18:44:28.417  INFO 104191 --- [    Test worker] .s.d.r.c.RepositoryConfigurationDelegate : Bootstrapping Spring Data Redis repositories in DEFAULT mode.
2021-09-01 18:44:28.469  INFO 104191 --- [    Test worker] .s.d.r.c.RepositoryConfigurationDelegate : Finished Spring Data repository scanning in 7 ms. Found 0 Redis repository interfaces.
2021-09-01 18:44:28.917  INFO 104191 --- [    Test worker] .s.d.r.c.RepositoryConfigurationDelegate : Multiple Spring Data modules found, entering strict repository configuration mode!
2021-09-01 18:44:28.920  INFO 104191 --- [    Test worker] .s.d.r.c.RepositoryConfigurationDelegate : Bootstrapping Spring Data JPA repositories in DEFAULT mode.
2021-09-01 18:44:29.325  INFO 104191 --- [    Test worker] .s.d.r.c.RepositoryConfigurationDelegate : Finished Spring Data repository scanning in 393 ms. Found 2 JPA repository interfaces.
2021-09-01 18:44:29.337  INFO 104191 --- [    Test worker] .s.d.r.c.RepositoryConfigurationDelegate : Multiple Spring Data modules found, entering strict repository configuration mode!
2021-09-01 18:44:29.337  INFO 104191 --- [    Test worker] .s.d.r.c.RepositoryConfigurationDelegate : Bootstrapping Spring Data Redis repositories in DEFAULT mode.
2021-09-01 18:44:29.345  INFO 104191 --- [    Test worker] .RepositoryConfigurationExtensionSupport : Spring Data Redis - Could not safely identify store assignment for repository candidate interface com.example.demo.repository.AuthorRepository. If you want this repository to be a Redis repository, consider annotating your entities with one of these annotations: org.springframework.data.redis.core.RedisHash (preferred), or consider extending one of the following types with your repository: org.springframework.data.keyvalue.repository.KeyValueRepository.
2021-09-01 18:44:29.349  INFO 104191 --- [    Test worker] .RepositoryConfigurationExtensionSupport : Spring Data Redis - Could not safely identify store assignment for repository candidate interface com.example.demo.repository.BookRepository. If you want this repository to be a Redis repository, consider annotating your entities with one of these annotations: org.springframework.data.redis.core.RedisHash (preferred), or consider extending one of the following types with your repository: org.springframework.data.keyvalue.repository.KeyValueRepository.
2021-09-01 18:44:29.350  INFO 104191 --- [    Test worker] .s.d.r.c.RepositoryConfigurationDelegate : Finished Spring Data repository scanning in 12 ms. Found 0 Redis repository interfaces.
2021-09-01 18:44:30.644  INFO 104191 --- [    Test worker] o.s.b.w.embedded.tomcat.TomcatWebServer  : Tomcat initialized with port(s): 8080 (http)
2021-09-01 18:44:30.681  INFO 104191 --- [    Test worker] o.apache.catalina.core.StandardService   : Starting service [Tomcat]
2021-09-01 18:44:30.681  INFO 104191 --- [    Test worker] org.apache.catalina.core.StandardEngine  : Starting Servlet engine: [Apache Tomcat/9.0.52]
2021-09-01 18:44:30.842  INFO 104191 --- [    Test worker] o.a.c.c.C.[Tomcat].[localhost].[/]       : Initializing Spring embedded WebApplicationContext
2021-09-01 18:44:30.845  INFO 104191 --- [    Test worker] w.s.c.ServletWebServerApplicationContext : Root WebApplicationContext: initialization completed in 3547 ms
2021-09-01 18:44:31.200  INFO 104191 --- [    Test worker] o.hibernate.jpa.internal.util.LogHelper  : HHH000204: Processing PersistenceUnitInfo [name: default]
2021-09-01 18:44:31.288  INFO 104191 --- [    Test worker] org.hibernate.Version                    : HHH000412: Hibernate ORM core version 5.4.32.Final
2021-09-01 18:44:31.420  INFO 104191 --- [    Test worker] o.hibernate.annotations.common.Version   : HCANN000001: Hibernate Commons Annotations {5.1.2.Final}
2021-09-01 18:44:31.606  INFO 104191 --- [    Test worker] com.zaxxer.hikari.HikariDataSource       : HikariPool-1 - Starting...
2021-09-01 18:44:32.179  INFO 104191 --- [    Test worker] com.zaxxer.hikari.HikariDataSource       : HikariPool-1 - Start completed.
2021-09-01 18:44:32.205  INFO 104191 --- [    Test worker] org.hibernate.dialect.Dialect            : HHH000400: Using dialect: org.hibernate.dialect.MySQL5Dialect
Hibernate: alter table book_table add constraint FK57rcggocp6jhhb0x9002cu2ac foreign key (auth_id) references author_table (id)
2021-09-01 18:44:33.204  INFO 104191 --- [    Test worker] o.h.e.t.j.p.i.JtaPlatformInitiator       : HHH000490: Using JtaPlatform implementation: [org.hibernate.engine.transaction.jta.platform.internal.NoJtaPlatform]
2021-09-01 18:44:33.217  INFO 104191 --- [    Test worker] j.LocalContainerEntityManagerFactoryBean : Initialized JPA EntityManagerFactory for persistence unit 'default'
2021-09-01 18:44:34.590  WARN 104191 --- [    Test worker] JpaBaseConfiguration$JpaWebConfiguration : spring.jpa.open-in-view is enabled by default. Therefore, database queries may be performed during view rendering. Explicitly configure spring.jpa.open-in-view to disable this warning
2021-09-01 18:44:35.576  INFO 104191 --- [    Test worker] o.s.b.w.embedded.tomcat.TomcatWebServer  : Tomcat started on port(s): 8080 (http) with context path ''
2021-09-01 18:44:35.594  INFO 104191 --- [    Test worker] o.s.boot.SpringApplication               : Started application in 9.329 seconds (JVM running for 14.553)
]]></system-out>
  <system-err><![CDATA[[2021.09.01 18:44:27] (Coverage): Error during class instrumentation: org.springframework.mail.javamail.JavaMailSenderImpl: java.lang.RuntimeException: java.io.IOException: Class javax/mail/internet/MimeMessage not found
]]></system-err>
</testsuite>
