<?xml version="1.0" encoding="UTF-8"?>
<testsuite name="com.example.demo.SpringBootFirstAppApplicationTests" tests="1" skipped="0" failures="0" errors="0" timestamp="2021-09-01T13:14:35" hostname="197BLRNB29227" time="0.001">
  <properties/>
  <testcase name="contextLoads()" classname="com.example.demo.SpringBootFirstAppApplicationTests" time="0.001"/>
  <system-out><![CDATA[]]></system-out>
  <system-err><![CDATA[]]></system-err>
</testsuite>
